2017-10-25 17:35:16.627 [debug] <0.56.0>@lager_handler_watcher:119 Lager installed handler {lager_file_backend,"error.log"} into lager_event
2017-10-25 17:35:16.627 [debug] <0.58.0>@lager_handler_watcher:119 Lager installed handler {lager_file_backend,"info.log"} into lager_event
2017-10-25 17:35:16.628 [debug] <0.60.0>@lager_handler_watcher:119 Lager installed handler {lager_file_backend,"debug.log"} into lager_event
2017-10-25 17:35:16.633 [debug] <0.62.0>@lager_handler_watcher:119 Lager installed handler {lager_file_backend,"notice.log"} into lager_event
2017-10-25 17:35:16.635 [debug] <0.64.0>@lager_handler_watcher:119 Lager installed handler {lager_file_backend,"warning.log"} into lager_event
2017-10-25 17:35:16.637 [debug] <0.66.0>@lager_handler_watcher:119 Lager installed handler {lager_file_backend,"critical.log"} into lager_event
2017-10-25 17:35:16.639 [debug] <0.68.0>@lager_handler_watcher:119 Lager installed handler {lager_file_backend,"alert.log"} into lager_event
2017-10-25 17:35:16.641 [debug] <0.70.0>@lager_handler_watcher:119 Lager installed handler {lager_file_backend,"emergency.log"} into lager_event
2017-10-25 17:35:16.644 [debug] <0.72.0>@lager_handler_watcher:119 Lager installed handler error_logger_lager_h into error_logger
2017-10-25 17:35:16.651 [debug] <0.43.0> Supervisor gr_param_sup started gr_param:start_link(gr_lager_default_tracer_params) at pid <0.74.0>
2017-10-25 17:35:16.651 [debug] <0.42.0> Supervisor gr_counter_sup started gr_counter:start_link(gr_lager_default_tracer_counters) at pid <0.75.0>
2017-10-25 17:35:16.652 [debug] <0.44.0> Supervisor gr_manager_sup started gr_manager:start_link(gr_lager_default_tracer_params_mgr, gr_lager_default_tracer_params, []) at pid <0.76.0>
2017-10-25 17:35:16.653 [debug] <0.44.0> Supervisor gr_manager_sup started gr_manager:start_link(gr_lager_default_tracer_counters_mgr, gr_lager_default_tracer_counters, [{input,0},{filter,0},{output,0},{job_input,0},{job_run,0},{job_time,0},{job_error,0}]) at pid <0.77.0>
2017-10-25 17:35:16.735 [info] <0.7.0> Application lager started on node 'gateway@127.0.0.1'
2017-10-25 17:35:16.738 [debug] <0.82.0> Supervisor gateway_sup started server_tcp_listen_sup:start_link() at pid <0.83.0>
2017-10-25 17:35:16.739 [debug] <0.82.0> Supervisor gateway_sup started server_tcp_acceptor_sup:start_link() at pid <0.84.0>
2017-10-25 17:35:16.741 [debug] <0.82.0> Supervisor gateway_sup started server_tcp_client_sup:start_link() at pid <0.85.0>
2017-10-25 17:35:16.741 [info] <0.7.0> Application gateway started on node 'gateway@127.0.0.1'
2017-10-25 17:35:16.750 [debug] <0.90.0> Supervisor sasl_safe_sup started alarm_handler:start_link() at pid <0.91.0>
2017-10-25 17:35:16.757 [debug] <0.90.0> Supervisor sasl_safe_sup started overload:start_link() at pid <0.92.0>
2017-10-25 17:35:16.762 [debug] <0.89.0> Supervisor sasl_sup started supervisor:start_link({local,sasl_safe_sup}, sasl, safe) at pid <0.90.0>
2017-10-25 17:35:16.772 [debug] <0.89.0> Supervisor sasl_sup started release_handler:start_link() at pid <0.93.0>
2017-10-25 17:35:16.774 [info] <0.7.0> Application sasl started on node 'gateway@127.0.0.1'
2017-10-25 17:35:16.782 [info] <0.2.0> [liquan] gateway:25 start loginserver ......
2017-10-25 17:35:16.794 [debug] <0.98.0> Supervisor inet_gethost_native_sup started undefined at pid <0.99.0>
2017-10-25 17:35:16.802 [debug] <0.34.0> Supervisor kernel_safe_sup started inet_gethost_native:start_link() at pid <0.98.0>
2017-10-25 17:35:17.132 [debug] <0.52.0>@lager_handler_watcher:119 Lager installed handler lager_backend_throttle into lager_event
2017-10-25 17:43:00.401 [debug] <0.62.0>@lager_handler_watcher:119 Lager installed handler {lager_file_backend,"notice.log"} into lager_event
2017-10-25 17:43:00.399 [debug] <0.56.0>@lager_handler_watcher:119 Lager installed handler {lager_file_backend,"error.log"} into lager_event
2017-10-25 17:43:00.399 [debug] <0.58.0>@lager_handler_watcher:119 Lager installed handler {lager_file_backend,"info.log"} into lager_event
2017-10-25 17:43:00.399 [debug] <0.60.0>@lager_handler_watcher:119 Lager installed handler {lager_file_backend,"debug.log"} into lager_event
2017-10-25 17:43:00.406 [debug] <0.64.0>@lager_handler_watcher:119 Lager installed handler {lager_file_backend,"warning.log"} into lager_event
2017-10-25 17:43:00.407 [debug] <0.66.0>@lager_handler_watcher:119 Lager installed handler {lager_file_backend,"critical.log"} into lager_event
2017-10-25 17:43:00.407 [debug] <0.68.0>@lager_handler_watcher:119 Lager installed handler {lager_file_backend,"alert.log"} into lager_event
2017-10-25 17:43:00.408 [debug] <0.70.0>@lager_handler_watcher:119 Lager installed handler {lager_file_backend,"emergency.log"} into lager_event
2017-10-25 17:43:00.410 [debug] <0.72.0>@lager_handler_watcher:119 Lager installed handler error_logger_lager_h into error_logger
2017-10-25 17:43:00.415 [debug] <0.43.0> Supervisor gr_param_sup started gr_param:start_link(gr_lager_default_tracer_params) at pid <0.74.0>
2017-10-25 17:43:00.415 [debug] <0.42.0> Supervisor gr_counter_sup started gr_counter:start_link(gr_lager_default_tracer_counters) at pid <0.75.0>
2017-10-25 17:43:00.417 [debug] <0.44.0> Supervisor gr_manager_sup started gr_manager:start_link(gr_lager_default_tracer_params_mgr, gr_lager_default_tracer_params, []) at pid <0.76.0>
2017-10-25 17:43:00.417 [debug] <0.44.0> Supervisor gr_manager_sup started gr_manager:start_link(gr_lager_default_tracer_counters_mgr, gr_lager_default_tracer_counters, [{input,0},{filter,0},{output,0},{job_input,0},{job_run,0},{job_time,0},{job_error,0}]) at pid <0.77.0>
2017-10-25 17:43:00.505 [info] <0.7.0> Application lager started on node 'gateway@127.0.0.1'
2017-10-25 17:43:00.508 [debug] <0.82.0> Supervisor gateway_sup started server_tcp_listen_sup:start_link() at pid <0.83.0>
2017-10-25 17:43:00.509 [debug] <0.82.0> Supervisor gateway_sup started server_tcp_acceptor_sup:start_link() at pid <0.84.0>
2017-10-25 17:43:00.510 [debug] <0.82.0> Supervisor gateway_sup started server_tcp_client_sup:start_link() at pid <0.85.0>
2017-10-25 17:43:00.510 [info] <0.7.0> Application gateway started on node 'gateway@127.0.0.1'
2017-10-25 17:43:00.517 [debug] <0.90.0> Supervisor sasl_safe_sup started alarm_handler:start_link() at pid <0.91.0>
2017-10-25 17:43:00.524 [debug] <0.90.0> Supervisor sasl_safe_sup started overload:start_link() at pid <0.92.0>
2017-10-25 17:43:00.533 [debug] <0.89.0> Supervisor sasl_sup started supervisor:start_link({local,sasl_safe_sup}, sasl, safe) at pid <0.90.0>
2017-10-25 17:43:00.545 [debug] <0.89.0> Supervisor sasl_sup started release_handler:start_link() at pid <0.93.0>
2017-10-25 17:43:00.548 [info] <0.7.0> Application sasl started on node 'gateway@127.0.0.1'
2017-10-25 17:43:00.553 [info] <0.2.0> [liquan] gateway:25 start loginserver ......
2017-10-25 17:43:00.565 [debug] <0.98.0> Supervisor inet_gethost_native_sup started undefined at pid <0.99.0>
2017-10-25 17:43:00.573 [debug] <0.34.0> Supervisor kernel_safe_sup started inet_gethost_native:start_link() at pid <0.98.0>
2017-10-25 17:43:00.891 [debug] <0.52.0>@lager_handler_watcher:119 Lager installed handler lager_backend_throttle into lager_event
2017-10-25 17:43:50.116 [debug] <0.56.0>@lager_handler_watcher:119 Lager installed handler {lager_file_backend,"error.log"} into lager_event
2017-10-25 17:43:50.116 [debug] <0.58.0>@lager_handler_watcher:119 Lager installed handler {lager_file_backend,"info.log"} into lager_event
2017-10-25 17:43:50.116 [debug] <0.60.0>@lager_handler_watcher:119 Lager installed handler {lager_file_backend,"debug.log"} into lager_event
2017-10-25 17:43:50.117 [debug] <0.62.0>@lager_handler_watcher:119 Lager installed handler {lager_file_backend,"notice.log"} into lager_event
2017-10-25 17:43:50.128 [debug] <0.64.0>@lager_handler_watcher:119 Lager installed handler {lager_file_backend,"warning.log"} into lager_event
2017-10-25 17:43:50.131 [debug] <0.66.0>@lager_handler_watcher:119 Lager installed handler {lager_file_backend,"critical.log"} into lager_event
2017-10-25 17:43:50.133 [debug] <0.68.0>@lager_handler_watcher:119 Lager installed handler {lager_file_backend,"alert.log"} into lager_event
2017-10-25 17:43:50.134 [debug] <0.70.0>@lager_handler_watcher:119 Lager installed handler {lager_file_backend,"emergency.log"} into lager_event
2017-10-25 17:43:50.139 [debug] <0.72.0>@lager_handler_watcher:119 Lager installed handler error_logger_lager_h into error_logger
2017-10-25 17:43:50.148 [debug] <0.43.0> Supervisor gr_param_sup started gr_param:start_link(gr_lager_default_tracer_params) at pid <0.74.0>
2017-10-25 17:43:50.148 [debug] <0.42.0> Supervisor gr_counter_sup started gr_counter:start_link(gr_lager_default_tracer_counters) at pid <0.75.0>
2017-10-25 17:43:50.151 [debug] <0.44.0> Supervisor gr_manager_sup started gr_manager:start_link(gr_lager_default_tracer_params_mgr, gr_lager_default_tracer_params, []) at pid <0.76.0>
2017-10-25 17:43:50.151 [debug] <0.44.0> Supervisor gr_manager_sup started gr_manager:start_link(gr_lager_default_tracer_counters_mgr, gr_lager_default_tracer_counters, [{input,0},{filter,0},{output,0},{job_input,0},{job_run,0},{job_time,0},{job_error,0}]) at pid <0.77.0>
2017-10-25 17:43:50.245 [info] <0.7.0> Application lager started on node 'gateway@127.0.0.1'
2017-10-25 17:43:50.247 [debug] <0.82.0> Supervisor gateway_sup started server_tcp_listen_sup:start_link() at pid <0.83.0>
2017-10-25 17:43:50.248 [debug] <0.82.0> Supervisor gateway_sup started server_tcp_acceptor_sup:start_link() at pid <0.84.0>
2017-10-25 17:43:50.249 [debug] <0.82.0> Supervisor gateway_sup started server_tcp_client_sup:start_link() at pid <0.85.0>
2017-10-25 17:43:50.250 [info] <0.7.0> Application gateway started on node 'gateway@127.0.0.1'
2017-10-25 17:43:50.257 [debug] <0.90.0> Supervisor sasl_safe_sup started alarm_handler:start_link() at pid <0.91.0>
2017-10-25 17:43:50.263 [debug] <0.90.0> Supervisor sasl_safe_sup started overload:start_link() at pid <0.92.0>
2017-10-25 17:43:50.267 [debug] <0.89.0> Supervisor sasl_sup started supervisor:start_link({local,sasl_safe_sup}, sasl, safe) at pid <0.90.0>
2017-10-25 17:43:50.275 [debug] <0.89.0> Supervisor sasl_sup started release_handler:start_link() at pid <0.93.0>
2017-10-25 17:43:50.278 [info] <0.7.0> Application sasl started on node 'gateway@127.0.0.1'
2017-10-25 17:43:50.280 [info] <0.2.0> [liquan] gateway:25 start loginserver ......
2017-10-25 17:43:50.287 [debug] <0.98.0> Supervisor inet_gethost_native_sup started undefined at pid <0.99.0>
2017-10-25 17:43:50.294 [debug] <0.34.0> Supervisor kernel_safe_sup started inet_gethost_native:start_link() at pid <0.98.0>
2017-10-25 17:43:50.326 [info] <0.2.0>@gateway:start:28 =============>>>> test lager info
2017-10-25 17:43:50.608 [debug] <0.52.0>@lager_handler_watcher:119 Lager installed handler lager_backend_throttle into lager_event
2017-10-25 17:47:29.743 [debug] <0.56.0>@lager_handler_watcher:119 Lager installed handler {lager_file_backend,"error.log"} into lager_event
2017-10-25 17:47:29.743 [debug] <0.58.0>@lager_handler_watcher:119 Lager installed handler {lager_file_backend,"info.log"} into lager_event
2017-10-25 17:47:29.743 [debug] <0.60.0>@lager_handler_watcher:119 Lager installed handler {lager_file_backend,"debug.log"} into lager_event
2017-10-25 17:47:29.744 [debug] <0.62.0>@lager_handler_watcher:119 Lager installed handler {lager_file_backend,"notice.log"} into lager_event
2017-10-25 17:47:29.748 [debug] <0.64.0>@lager_handler_watcher:119 Lager installed handler {lager_file_backend,"warning.log"} into lager_event
2017-10-25 17:47:29.749 [debug] <0.66.0>@lager_handler_watcher:119 Lager installed handler {lager_file_backend,"critical.log"} into lager_event
2017-10-25 17:47:29.750 [debug] <0.68.0>@lager_handler_watcher:119 Lager installed handler {lager_file_backend,"alert.log"} into lager_event
2017-10-25 17:47:29.751 [debug] <0.70.0>@lager_handler_watcher:119 Lager installed handler {lager_file_backend,"emergency.log"} into lager_event
2017-10-25 17:47:29.753 [debug] <0.72.0>@lager_handler_watcher:119 Lager installed handler error_logger_lager_h into error_logger
2017-10-25 17:47:29.758 [debug] <0.43.0> Supervisor gr_param_sup started gr_param:start_link(gr_lager_default_tracer_params) at pid <0.74.0>
2017-10-25 17:47:29.758 [debug] <0.42.0> Supervisor gr_counter_sup started gr_counter:start_link(gr_lager_default_tracer_counters) at pid <0.75.0>
2017-10-25 17:47:29.760 [debug] <0.44.0> Supervisor gr_manager_sup started gr_manager:start_link(gr_lager_default_tracer_params_mgr, gr_lager_default_tracer_params, []) at pid <0.76.0>
2017-10-25 17:47:29.761 [debug] <0.44.0> Supervisor gr_manager_sup started gr_manager:start_link(gr_lager_default_tracer_counters_mgr, gr_lager_default_tracer_counters, [{input,0},{filter,0},{output,0},{job_input,0},{job_run,0},{job_time,0},{job_error,0}]) at pid <0.77.0>
2017-10-25 17:47:29.845 [info] <0.7.0> Application lager started on node 'gateway@127.0.0.1'
2017-10-25 17:47:29.848 [debug] <0.82.0> Supervisor gateway_sup started server_tcp_listen_sup:start_link() at pid <0.83.0>
2017-10-25 17:47:29.849 [debug] <0.82.0> Supervisor gateway_sup started server_tcp_acceptor_sup:start_link() at pid <0.84.0>
2017-10-25 17:47:29.850 [debug] <0.82.0> Supervisor gateway_sup started server_tcp_client_sup:start_link() at pid <0.85.0>
2017-10-25 17:47:29.851 [info] <0.7.0> Application gateway started on node 'gateway@127.0.0.1'
2017-10-25 17:47:29.860 [debug] <0.90.0> Supervisor sasl_safe_sup started alarm_handler:start_link() at pid <0.91.0>
2017-10-25 17:47:29.866 [debug] <0.90.0> Supervisor sasl_safe_sup started overload:start_link() at pid <0.92.0>
2017-10-25 17:47:29.868 [debug] <0.89.0> Supervisor sasl_sup started supervisor:start_link({local,sasl_safe_sup}, sasl, safe) at pid <0.90.0>
2017-10-25 17:47:29.883 [debug] <0.89.0> Supervisor sasl_sup started release_handler:start_link() at pid <0.93.0>
2017-10-25 17:47:29.884 [info] <0.7.0> Application sasl started on node 'gateway@127.0.0.1'
2017-10-25 17:47:29.893 [info] <0.2.0> [liquan] gateway:25 start loginserver ......
2017-10-25 17:47:29.907 [debug] <0.98.0> Supervisor inet_gethost_native_sup started undefined at pid <0.99.0>
2017-10-25 17:47:29.913 [debug] <0.34.0> Supervisor kernel_safe_sup started inet_gethost_native:start_link() at pid <0.98.0>
2017-10-25 17:47:29.934 [info] <0.2.0>@gateway:start:28 =============>>>> test lager info
2017-10-25 17:47:30.243 [debug] <0.52.0>@lager_handler_watcher:119 Lager installed handler lager_backend_throttle into lager_event
2017-10-25 17:49:07.768 [debug] <0.34.0> Supervisor kernel_safe_sup started timer:start_link() at pid <0.117.0>
